[codyhouse.co/app/components/demo/demo-changelog.html]
[codyhouse.co/codyframe/main/css/reset.css]
[codyhouse.co/codyframe/main/css/typography.css]
[codyhouse.co/codyframe/main/css/icons.css]
[codyhouse.co/app/components/source-v4/changelog/dist/changelogf3a9.css]
[codyhouse.co/app/components/demo/changelog.css]
[codyhouse.co/app/components/demo/changelog-ie.css]
[backblue.gif]
[fade.gif]
[index.html]
[codyhouse.co/codyframe/main/css/util3860.css]
[codyhouse.co/app/assets/js/min/iframe-min6b1d.js]
[codyhouse.co/app/components/demo/demo-changelog.html]
[codyhouse.co/codyframe/main/css/reset.css]
[codyhouse.co/codyframe/main/css/typography.css]
[codyhouse.co/codyframe/main/css/icons.css]
[codyhouse.co/app/components/source-v4/changelog/dist/changelogf3a9.css]
[codyhouse.co/app/components/demo/changelog.html]
[codyhouse.co/app/components/demo/changelog-ie.html]
[codyhouse.co/codyframe/main/css/util3860.css]
[codyhouse.co/codyhouse-framework/main/assets/js/utild47c.js]
